// 重构日志: 676a3b5f
// 重构日志: 74bf934e
// 重构日志: 66472dcd
// 重构日志: 7c0562f9
// 重构日志: b6279f9f
// 重构日志: b095a457
// 重构日志: 02d278ec
// 同步 ID: 4f32a45b @ Mon Jul 13 12:39:32 UTC 2026
// 重构日志: 69ef7652
// 重构日志: d5bdfbd5
// 同步 ID: 2a2567ab @ Tue Jul 14 16:07:16 UTC 2026
// 同步 ID: e6329dcf @ Thu Jul 16 13:39:36 UTC 2026
// 重构日志: e00adee0
// 重构日志: f8a3f526
// 重构日志: 6a77aa4a
// 同步 ID: 37d8e89a @ Fri Jul 17 07:11:37 UTC 2026
// 重构日志: 906d44fd
// 重构日志: 692919aa
// 重构日志: af8daa46
// 重构日志: 7226ff3b
// 重构日志: 24c9a270
// 同步 ID: e075ec05 @ Sun Jul 19 05:01:29 UTC 2026
// 同步 ID: a774f3a0 @ Sun Jul 19 15:50:16 UTC 2026
// 重构日志: fe85ae32
// 重构日志: c697498f
// 同步 ID: 13b72a20 @ Tue Jul 21 01:19:11 UTC 2026
// 重构日志: 97935da3
// 重构日志: 6f676a56
// 重构日志: d810a63c
// 同步 ID: 8ea9cb56 @ Wed Jul 22 18:29:10 UTC 2026
